<?xml version="1.0" encoding="UTF-8"?>
<testsuite xmlns:xsi="http://www.w3.org/2001/XMLSchema-instance" xsi:noNamespaceSchemaLocation="https://maven.apache.org/surefire/maven-surefire-plugin/xsd/surefire-test-report.xsd" name="io.swagger.service.TransactionServiceImplTest" time="0.098" tests="10" errors="0" skipped="0" failures="3">
  <properties>
    <property name="java.specification.version" value="15"/>
    <property name="sun.cpu.isalist" value="amd64"/>
    <property name="sun.jnu.encoding" value="Cp1252"/>
    <property name="java.class.path" value="C:\Users\logoff\Desktop\CodeGeneration\target\test-classes;C:\Users\logoff\Desktop\CodeGeneration\target\classes;C:\Users\logoff\.m2\repository\org\springframework\boot\spring-boot-starter-data-jpa\2.1.16.RELEASE\spring-boot-starter-data-jpa-2.1.16.RELEASE.jar;C:\Users\logoff\.m2\repository\org\springframework\boot\spring-boot-starter-aop\2.1.16.RELEASE\spring-boot-starter-aop-2.1.16.RELEASE.jar;C:\Users\logoff\.m2\repository\org\aspectj\aspectjweaver\1.9.6\aspectjweaver-1.9.6.jar;C:\Users\logoff\.m2\repository\org\springframework\boot\spring-boot-starter-jdbc\2.1.16.RELEASE\spring-boot-starter-jdbc-2.1.16.RELEASE.jar;C:\Users\logoff\.m2\repository\com\zaxxer\HikariCP\3.2.0\HikariCP-3.2.0.jar;C:\Users\logoff\.m2\repository\org\springframework\spring-jdbc\5.1.17.RELEASE\spring-jdbc-5.1.17.RELEASE.jar;C:\Users\logoff\.m2\repository\javax\transaction\javax.transaction-api\1.3\javax.transaction-api-1.3.jar;C:\Users\logoff\.m2\repository\org\hibernate\hibernate-core\5.3.17.Final\hibernate-core-5.3.17.Final.jar;C:\Users\logoff\.m2\repository\org\jboss\logging\jboss-logging\3.3.3.Final\jboss-logging-3.3.3.Final.jar;C:\Users\logoff\.m2\repository\javax\persistence\javax.persistence-api\2.2\javax.persistence-api-2.2.jar;C:\Users\logoff\.m2\repository\org\javassist\javassist\3.23.2-GA\javassist-3.23.2-GA.jar;C:\Users\logoff\.m2\repository\net\bytebuddy\byte-buddy\1.9.16\byte-buddy-1.9.16.jar;C:\Users\logoff\.m2\repository\antlr\antlr\2.7.7\antlr-2.7.7.jar;C:\Users\logoff\.m2\repository\org\jboss\jandex\2.0.5.Final\jandex-2.0.5.Final.jar;C:\Users\logoff\.m2\repository\javax\activation\javax.activation-api\1.2.0\javax.activation-api-1.2.0.jar;C:\Users\logoff\.m2\repository\org\dom4j\dom4j\2.1.3\dom4j-2.1.3.jar;C:\Users\logoff\.m2\repository\org\hibernate\common\hibernate-commons-annotations\5.0.4.Final\hibernate-commons-annotations-5.0.4.Final.jar;C:\Users\logoff\.m2\repository\org\glassfish\jaxb\jaxb-runtime\2.3.1\jaxb-runtime-2.3.1.jar;C:\Users\logoff\.m2\repository\org\glassfish\jaxb\txw2\2.3.1\txw2-2.3.1.jar;C:\Users\logoff\.m2\repository\com\sun\istack\istack-commons-runtime\3.0.7\istack-commons-runtime-3.0.7.jar;C:\Users\logoff\.m2\repository\org\jvnet\staxex\stax-ex\1.8\stax-ex-1.8.jar;C:\Users\logoff\.m2\repository\com\sun\xml\fastinfoset\FastInfoset\1.2.15\FastInfoset-1.2.15.jar;C:\Users\logoff\.m2\repository\org\springframework\data\spring-data-jpa\2.1.19.RELEASE\spring-data-jpa-2.1.19.RELEASE.jar;C:\Users\logoff\.m2\repository\org\springframework\data\spring-data-commons\2.1.19.RELEASE\spring-data-commons-2.1.19.RELEASE.jar;C:\Users\logoff\.m2\repository\org\springframework\spring-orm\5.1.17.RELEASE\spring-orm-5.1.17.RELEASE.jar;C:\Users\logoff\.m2\repository\org\springframework\spring-tx\5.1.17.RELEASE\spring-tx-5.1.17.RELEASE.jar;C:\Users\logoff\.m2\repository\org\springframework\spring-aspects\5.1.17.RELEASE\spring-aspects-5.1.17.RELEASE.jar;C:\Users\logoff\.m2\repository\com\h2database\h2\1.4.200\h2-1.4.200.jar;C:\Users\logoff\.m2\repository\javax\xml\bind\jaxb-api\2.2.12\jaxb-api-2.2.12.jar;C:\Users\logoff\.m2\repository\org\springframework\boot\spring-boot-starter-web\2.1.16.RELEASE\spring-boot-starter-web-2.1.16.RELEASE.jar;C:\Users\logoff\.m2\repository\org\springframework\boot\spring-boot-starter\2.1.16.RELEASE\spring-boot-starter-2.1.16.RELEASE.jar;C:\Users\logoff\.m2\repository\org\springframework\boot\spring-boot\2.1.16.RELEASE\spring-boot-2.1.16.RELEASE.jar;C:\Users\logoff\.m2\repository\org\springframework\boot\spring-boot-autoconfigure\2.1.16.RELEASE\spring-boot-autoconfigure-2.1.16.RELEASE.jar;C:\Users\logoff\.m2\repository\org\springframework\boot\spring-boot-starter-logging\2.1.16.RELEASE\spring-boot-starter-logging-2.1.16.RELEASE.jar;C:\Users\logoff\.m2\repository\ch\qos\logback\logback-classic\1.2.3\logback-classic-1.2.3.jar;C:\Users\logoff\.m2\repository\ch\qos\logback\logback-core\1.2.3\logback-core-1.2.3.jar;C:\Users\logoff\.m2\repository\org\apache\logging\log4j\log4j-to-slf4j\2.11.2\log4j-to-slf4j-2.11.2.jar;C:\Users\logoff\.m2\repository\org\apache\logging\log4j\log4j-api\2.11.2\log4j-api-2.11.2.jar;C:\Users\logoff\.m2\repository\org\slf4j\jul-to-slf4j\1.7.30\jul-to-slf4j-1.7.30.jar;C:\Users\logoff\.m2\repository\org\yaml\snakeyaml\1.23\snakeyaml-1.23.jar;C:\Users\logoff\.m2\repository\org\springframework\boot\spring-boot-starter-json\2.1.16.RELEASE\spring-boot-starter-json-2.1.16.RELEASE.jar;C:\Users\logoff\.m2\repository\com\fasterxml\jackson\datatype\jackson-datatype-jdk8\2.9.10\jackson-datatype-jdk8-2.9.10.jar;C:\Users\logoff\.m2\repository\com\fasterxml\jackson\datatype\jackson-datatype-jsr310\2.9.10\jackson-datatype-jsr310-2.9.10.jar;C:\Users\logoff\.m2\repository\com\fasterxml\jackson\module\jackson-module-parameter-names\2.9.10\jackson-module-parameter-names-2.9.10.jar;C:\Users\logoff\.m2\repository\org\hibernate\validator\hibernate-validator\6.0.20.Final\hibernate-validator-6.0.20.Final.jar;C:\Users\logoff\.m2\repository\org\springframework\spring-web\5.1.17.RELEASE\spring-web-5.1.17.RELEASE.jar;C:\Users\logoff\.m2\repository\org\springframework\spring-webmvc\5.1.17.RELEASE\spring-webmvc-5.1.17.RELEASE.jar;C:\Users\logoff\.m2\repository\org\projectlombok\lombok\1.18.20\lombok-1.18.20.jar;C:\Users\logoff\.m2\repository\org\springframework\boot\spring-boot-starter-tomcat\2.1.16.RELEASE\spring-boot-starter-tomcat-2.1.16.RELEASE.jar;C:\Users\logoff\.m2\repository\javax\annotation\javax.annotation-api\1.3.2\javax.annotation-api-1.3.2.jar;C:\Users\logoff\.m2\repository\org\apache\tomcat\embed\tomcat-embed-core\9.0.37\tomcat-embed-core-9.0.37.jar;C:\Users\logoff\.m2\repository\org\apache\tomcat\embed\tomcat-embed-el\9.0.37\tomcat-embed-el-9.0.37.jar;C:\Users\logoff\.m2\repository\org\apache\tomcat\embed\tomcat-embed-websocket\9.0.37\tomcat-embed-websocket-9.0.37.jar;C:\Users\logoff\.m2\repository\org\springframework\boot\spring-boot-starter-security\2.1.16.RELEASE\spring-boot-starter-security-2.1.16.RELEASE.jar;C:\Users\logoff\.m2\repository\org\springframework\spring-aop\5.1.17.RELEASE\spring-aop-5.1.17.RELEASE.jar;C:\Users\logoff\.m2\repository\org\springframework\security\spring-security-config\5.1.11.RELEASE\spring-security-config-5.1.11.RELEASE.jar;C:\Users\logoff\.m2\repository\org\springframework\security\spring-security-web\5.1.11.RELEASE\spring-security-web-5.1.11.RELEASE.jar;C:\Users\logoff\.m2\repository\io\springfox\springfox-oas\3.0.0\springfox-oas-3.0.0.jar;C:\Users\logoff\.m2\repository\io\swagger\core\v3\swagger-annotations\2.1.2\swagger-annotations-2.1.2.jar;C:\Users\logoff\.m2\repository\io\swagger\core\v3\swagger-models\2.1.2\swagger-models-2.1.2.jar;C:\Users\logoff\.m2\repository\com\fasterxml\jackson\core\jackson-annotations\2.9.10\jackson-annotations-2.9.10.jar;C:\Users\logoff\.m2\repository\io\springfox\springfox-spi\3.0.0\springfox-spi-3.0.0.jar;C:\Users\logoff\.m2\repository\io\springfox\springfox-schema\3.0.0\springfox-schema-3.0.0.jar;C:\Users\logoff\.m2\repository\io\springfox\springfox-core\3.0.0\springfox-core-3.0.0.jar;C:\Users\logoff\.m2\repository\io\springfox\springfox-spring-web\3.0.0\springfox-spring-web-3.0.0.jar;C:\Users\logoff\.m2\repository\io\github\classgraph\classgraph\4.8.83\classgraph-4.8.83.jar;C:\Users\logoff\.m2\repository\io\springfox\springfox-spring-webmvc\3.0.0\springfox-spring-webmvc-3.0.0.jar;C:\Users\logoff\.m2\repository\io\springfox\springfox-spring-webflux\3.0.0\springfox-spring-webflux-3.0.0.jar;C:\Users\logoff\.m2\repository\io\springfox\springfox-swagger-common\3.0.0\springfox-swagger-common-3.0.0.jar;C:\Users\logoff\.m2\repository\io\swagger\swagger-annotations\1.5.20\swagger-annotations-1.5.20.jar;C:\Users\logoff\.m2\repository\io\swagger\swagger-models\1.5.20\swagger-models-1.5.20.jar;C:\Users\logoff\.m2\repository\com\fasterxml\classmate\1.4.0\classmate-1.4.0.jar;C:\Users\logoff\.m2\repository\org\slf4j\slf4j-api\1.7.30\slf4j-api-1.7.30.jar;C:\Users\logoff\.m2\repository\org\springframework\plugin\spring-plugin-metadata\1.2.0.RELEASE\spring-plugin-metadata-1.2.0.RELEASE.jar;C:\Users\logoff\.m2\repository\org\mapstruct\mapstruct\1.3.1.Final\mapstruct-1.3.1.Final.jar;C:\Users\logoff\.m2\repository\io\springfox\springfox-swagger-ui\3.0.0\springfox-swagger-ui-3.0.0.jar;C:\Users\logoff\.m2\repository\com\github\joschi\jackson\jackson-datatype-threetenbp\2.6.4\jackson-datatype-threetenbp-2.6.4.jar;C:\Users\logoff\.m2\repository\org\threeten\threetenbp\1.3.1\threetenbp-1.3.1.jar;C:\Users\logoff\.m2\repository\com\fasterxml\jackson\core\jackson-core\2.9.10\jackson-core-2.9.10.jar;C:\Users\logoff\.m2\repository\com\fasterxml\jackson\core\jackson-databind\2.9.10.5\jackson-databind-2.9.10.5.jar;C:\Users\logoff\.m2\repository\javax\validation\validation-api\2.0.1.Final\validation-api-2.0.1.Final.jar;C:\Users\logoff\.m2\repository\org\springframework\plugin\spring-plugin-core\2.0.0.RELEASE\spring-plugin-core-2.0.0.RELEASE.jar;C:\Users\logoff\.m2\repository\org\springframework\spring-beans\5.1.17.RELEASE\spring-beans-5.1.17.RELEASE.jar;C:\Users\logoff\.m2\repository\org\springframework\spring-context\5.1.17.RELEASE\spring-context-5.1.17.RELEASE.jar;C:\Users\logoff\.m2\repository\org\modelmapper\modelmapper\2.4.3\modelmapper-2.4.3.jar;C:\Users\logoff\.m2\repository\org\springframework\boot\spring-boot-starter-test\2.1.16.RELEASE\spring-boot-starter-test-2.1.16.RELEASE.jar;C:\Users\logoff\.m2\repository\org\springframework\boot\spring-boot-test\2.1.16.RELEASE\spring-boot-test-2.1.16.RELEASE.jar;C:\Users\logoff\.m2\repository\org\springframework\boot\spring-boot-test-autoconfigure\2.1.16.RELEASE\spring-boot-test-autoconfigure-2.1.16.RELEASE.jar;C:\Users\logoff\.m2\repository\com\jayway\jsonpath\json-path\2.4.0\json-path-2.4.0.jar;C:\Users\logoff\.m2\repository\net\minidev\json-smart\2.3\json-smart-2.3.jar;C:\Users\logoff\.m2\repository\net\minidev\accessors-smart\1.2\accessors-smart-1.2.jar;C:\Users\logoff\.m2\repository\org\ow2\asm\asm\5.0.4\asm-5.0.4.jar;C:\Users\logoff\.m2\repository\org\assertj\assertj-core\3.11.1\assertj-core-3.11.1.jar;C:\Users\logoff\.m2\repository\org\mockito\mockito-core\2.23.4\mockito-core-2.23.4.jar;C:\Users\logoff\.m2\repository\net\bytebuddy\byte-buddy-agent\1.9.16\byte-buddy-agent-1.9.16.jar;C:\Users\logoff\.m2\repository\org\objenesis\objenesis\2.6\objenesis-2.6.jar;C:\Users\logoff\.m2\repository\org\hamcrest\hamcrest-core\1.3\hamcrest-core-1.3.jar;C:\Users\logoff\.m2\repository\org\hamcrest\hamcrest-library\1.3\hamcrest-library-1.3.jar;C:\Users\logoff\.m2\repository\org\skyscreamer\jsonassert\1.5.0\jsonassert-1.5.0.jar;C:\Users\logoff\.m2\repository\com\vaadin\external\google\android-json\0.0.20131108.vaadin1\android-json-0.0.20131108.vaadin1.jar;C:\Users\logoff\.m2\repository\org\springframework\spring-core\5.1.17.RELEASE\spring-core-5.1.17.RELEASE.jar;C:\Users\logoff\.m2\repository\org\springframework\spring-jcl\5.1.17.RELEASE\spring-jcl-5.1.17.RELEASE.jar;C:\Users\logoff\.m2\repository\org\springframework\spring-test\5.1.17.RELEASE\spring-test-5.1.17.RELEASE.jar;C:\Users\logoff\.m2\repository\org\xmlunit\xmlunit-core\2.6.4\xmlunit-core-2.6.4.jar;C:\Users\logoff\.m2\repository\org\springframework\security\spring-security-core\5.1.11.RELEASE\spring-security-core-5.1.11.RELEASE.jar;C:\Users\logoff\.m2\repository\org\springframework\spring-expression\5.1.17.RELEASE\spring-expression-5.1.17.RELEASE.jar;C:\Users\logoff\.m2\repository\org\springframework\security\spring-security-test\5.1.11.RELEASE\spring-security-test-5.1.11.RELEASE.jar;C:\Users\logoff\.m2\repository\io\jsonwebtoken\jjwt\0.9.1\jjwt-0.9.1.jar;C:\Users\logoff\.m2\repository\org\junit\jupiter\junit-jupiter\5.7.2\junit-jupiter-5.7.2.jar;C:\Users\logoff\.m2\repository\org\junit\jupiter\junit-jupiter-api\5.3.2\junit-jupiter-api-5.3.2.jar;C:\Users\logoff\.m2\repository\org\opentest4j\opentest4j\1.1.1\opentest4j-1.1.1.jar;C:\Users\logoff\.m2\repository\org\junit\platform\junit-platform-commons\1.3.2\junit-platform-commons-1.3.2.jar;C:\Users\logoff\.m2\repository\org\junit\jupiter\junit-jupiter-params\5.3.2\junit-jupiter-params-5.3.2.jar;C:\Users\logoff\.m2\repository\org\junit\jupiter\junit-jupiter-engine\5.3.2\junit-jupiter-engine-5.3.2.jar;C:\Users\logoff\.m2\repository\org\junit\platform\junit-platform-engine\1.3.2\junit-platform-engine-1.3.2.jar;C:\Users\logoff\.m2\repository\org\mockito\mockito-junit-jupiter\2.23.4\mockito-junit-jupiter-2.23.4.jar;C:\Users\logoff\.m2\repository\io\cucumber\cucumber-java\6.10.4\cucumber-java-6.10.4.jar;C:\Users\logoff\.m2\repository\io\cucumber\cucumber-core\6.10.4\cucumber-core-6.10.4.jar;C:\Users\logoff\.m2\repository\io\cucumber\cucumber-gherkin\6.10.4\cucumber-gherkin-6.10.4.jar;C:\Users\logoff\.m2\repository\io\cucumber\cucumber-gherkin-messages\6.10.4\cucumber-gherkin-messages-6.10.4.jar;C:\Users\logoff\.m2\repository\io\cucumber\messages\15.0.0\messages-15.0.0.jar;C:\Users\logoff\.m2\repository\io\cucumber\tag-expressions\3.0.1\tag-expressions-3.0.1.jar;C:\Users\logoff\.m2\repository\io\cucumber\cucumber-expressions\10.3.0\cucumber-expressions-10.3.0.jar;C:\Users\logoff\.m2\repository\io\cucumber\datatable\3.5.0\datatable-3.5.0.jar;C:\Users\logoff\.m2\repository\io\cucumber\cucumber-plugin\6.10.4\cucumber-plugin-6.10.4.jar;C:\Users\logoff\.m2\repository\io\cucumber\docstring\6.10.4\docstring-6.10.4.jar;C:\Users\logoff\.m2\repository\io\cucumber\html-formatter\13.0.0\html-formatter-13.0.0.jar;C:\Users\logoff\.m2\repository\io\cucumber\create-meta\4.0.0\create-meta-4.0.0.jar;C:\Users\logoff\.m2\repository\org\apiguardian\apiguardian-api\1.1.1\apiguardian-api-1.1.1.jar;C:\Users\logoff\.m2\repository\io\cucumber\cucumber-junit\6.10.4\cucumber-junit-6.10.4.jar;C:\Users\logoff\.m2\repository\junit\junit\4.12\junit-4.12.jar;"/>
    <property name="java.vm.vendor" value="Oracle Corporation"/>
    <property name="sun.arch.data.model" value="64"/>
    <property name="user.variant" value=""/>
    <property name="java.vendor.url" value="https://java.oracle.com/"/>
    <property name="user.timezone" value="Europe/Amsterdam"/>
    <property name="os.name" value="Windows 10"/>
    <property name="java.vm.specification.version" value="15"/>
    <property name="sun.java.launcher" value="SUN_STANDARD"/>
    <property name="user.country" value="US"/>
    <property name="sun.boot.library.path" value="C:\Users\logoff\.jdks\openjdk-15\bin"/>
    <property name="sun.java.command" value="C:\Users\logoff\AppData\Local\Temp\surefire1772432456790400145\surefirebooter222882859757724323.jar C:\Users\logoff\AppData\Local\Temp\surefire1772432456790400145 2021-06-27T20-03-05_339-jvmRun1 surefire9556327685173148639tmp surefire_08879217633184214525tmp"/>
    <property name="jdk.debug" value="release"/>
    <property name="surefire.test.class.path" value="C:\Users\logoff\Desktop\CodeGeneration\target\test-classes;C:\Users\logoff\Desktop\CodeGeneration\target\classes;C:\Users\logoff\.m2\repository\org\springframework\boot\spring-boot-starter-data-jpa\2.1.16.RELEASE\spring-boot-starter-data-jpa-2.1.16.RELEASE.jar;C:\Users\logoff\.m2\repository\org\springframework\boot\spring-boot-starter-aop\2.1.16.RELEASE\spring-boot-starter-aop-2.1.16.RELEASE.jar;C:\Users\logoff\.m2\repository\org\aspectj\aspectjweaver\1.9.6\aspectjweaver-1.9.6.jar;C:\Users\logoff\.m2\repository\org\springframework\boot\spring-boot-starter-jdbc\2.1.16.RELEASE\spring-boot-starter-jdbc-2.1.16.RELEASE.jar;C:\Users\logoff\.m2\repository\com\zaxxer\HikariCP\3.2.0\HikariCP-3.2.0.jar;C:\Users\logoff\.m2\repository\org\springframework\spring-jdbc\5.1.17.RELEASE\spring-jdbc-5.1.17.RELEASE.jar;C:\Users\logoff\.m2\repository\javax\transaction\javax.transaction-api\1.3\javax.transaction-api-1.3.jar;C:\Users\logoff\.m2\repository\org\hibernate\hibernate-core\5.3.17.Final\hibernate-core-5.3.17.Final.jar;C:\Users\logoff\.m2\repository\org\jboss\logging\jboss-logging\3.3.3.Final\jboss-logging-3.3.3.Final.jar;C:\Users\logoff\.m2\repository\javax\persistence\javax.persistence-api\2.2\javax.persistence-api-2.2.jar;C:\Users\logoff\.m2\repository\org\javassist\javassist\3.23.2-GA\javassist-3.23.2-GA.jar;C:\Users\logoff\.m2\repository\net\bytebuddy\byte-buddy\1.9.16\byte-buddy-1.9.16.jar;C:\Users\logoff\.m2\repository\antlr\antlr\2.7.7\antlr-2.7.7.jar;C:\Users\logoff\.m2\repository\org\jboss\jandex\2.0.5.Final\jandex-2.0.5.Final.jar;C:\Users\logoff\.m2\repository\javax\activation\javax.activation-api\1.2.0\javax.activation-api-1.2.0.jar;C:\Users\logoff\.m2\repository\org\dom4j\dom4j\2.1.3\dom4j-2.1.3.jar;C:\Users\logoff\.m2\repository\org\hibernate\common\hibernate-commons-annotations\5.0.4.Final\hibernate-commons-annotations-5.0.4.Final.jar;C:\Users\logoff\.m2\repository\org\glassfish\jaxb\jaxb-runtime\2.3.1\jaxb-runtime-2.3.1.jar;C:\Users\logoff\.m2\repository\org\glassfish\jaxb\txw2\2.3.1\txw2-2.3.1.jar;C:\Users\logoff\.m2\repository\com\sun\istack\istack-commons-runtime\3.0.7\istack-commons-runtime-3.0.7.jar;C:\Users\logoff\.m2\repository\org\jvnet\staxex\stax-ex\1.8\stax-ex-1.8.jar;C:\Users\logoff\.m2\repository\com\sun\xml\fastinfoset\FastInfoset\1.2.15\FastInfoset-1.2.15.jar;C:\Users\logoff\.m2\repository\org\springframework\data\spring-data-jpa\2.1.19.RELEASE\spring-data-jpa-2.1.19.RELEASE.jar;C:\Users\logoff\.m2\repository\org\springframework\data\spring-data-commons\2.1.19.RELEASE\spring-data-commons-2.1.19.RELEASE.jar;C:\Users\logoff\.m2\repository\org\springframework\spring-orm\5.1.17.RELEASE\spring-orm-5.1.17.RELEASE.jar;C:\Users\logoff\.m2\repository\org\springframework\spring-tx\5.1.17.RELEASE\spring-tx-5.1.17.RELEASE.jar;C:\Users\logoff\.m2\repository\org\springframework\spring-aspects\5.1.17.RELEASE\spring-aspects-5.1.17.RELEASE.jar;C:\Users\logoff\.m2\repository\com\h2database\h2\1.4.200\h2-1.4.200.jar;C:\Users\logoff\.m2\repository\javax\xml\bind\jaxb-api\2.2.12\jaxb-api-2.2.12.jar;C:\Users\logoff\.m2\repository\org\springframework\boot\spring-boot-starter-web\2.1.16.RELEASE\spring-boot-starter-web-2.1.16.RELEASE.jar;C:\Users\logoff\.m2\repository\org\springframework\boot\spring-boot-starter\2.1.16.RELEASE\spring-boot-starter-2.1.16.RELEASE.jar;C:\Users\logoff\.m2\repository\org\springframework\boot\spring-boot\2.1.16.RELEASE\spring-boot-2.1.16.RELEASE.jar;C:\Users\logoff\.m2\repository\org\springframework\boot\spring-boot-autoconfigure\2.1.16.RELEASE\spring-boot-autoconfigure-2.1.16.RELEASE.jar;C:\Users\logoff\.m2\repository\org\springframework\boot\spring-boot-starter-logging\2.1.16.RELEASE\spring-boot-starter-logging-2.1.16.RELEASE.jar;C:\Users\logoff\.m2\repository\ch\qos\logback\logback-classic\1.2.3\logback-classic-1.2.3.jar;C:\Users\logoff\.m2\repository\ch\qos\logback\logback-core\1.2.3\logback-core-1.2.3.jar;C:\Users\logoff\.m2\repository\org\apache\logging\log4j\log4j-to-slf4j\2.11.2\log4j-to-slf4j-2.11.2.jar;C:\Users\logoff\.m2\repository\org\apache\logging\log4j\log4j-api\2.11.2\log4j-api-2.11.2.jar;C:\Users\logoff\.m2\repository\org\slf4j\jul-to-slf4j\1.7.30\jul-to-slf4j-1.7.30.jar;C:\Users\logoff\.m2\repository\org\yaml\snakeyaml\1.23\snakeyaml-1.23.jar;C:\Users\logoff\.m2\repository\org\springframework\boot\spring-boot-starter-json\2.1.16.RELEASE\spring-boot-starter-json-2.1.16.RELEASE.jar;C:\Users\logoff\.m2\repository\com\fasterxml\jackson\datatype\jackson-datatype-jdk8\2.9.10\jackson-datatype-jdk8-2.9.10.jar;C:\Users\logoff\.m2\repository\com\fasterxml\jackson\datatype\jackson-datatype-jsr310\2.9.10\jackson-datatype-jsr310-2.9.10.jar;C:\Users\logoff\.m2\repository\com\fasterxml\jackson\module\jackson-module-parameter-names\2.9.10\jackson-module-parameter-names-2.9.10.jar;C:\Users\logoff\.m2\repository\org\hibernate\validator\hibernate-validator\6.0.20.Final\hibernate-validator-6.0.20.Final.jar;C:\Users\logoff\.m2\repository\org\springframework\spring-web\5.1.17.RELEASE\spring-web-5.1.17.RELEASE.jar;C:\Users\logoff\.m2\repository\org\springframework\spring-webmvc\5.1.17.RELEASE\spring-webmvc-5.1.17.RELEASE.jar;C:\Users\logoff\.m2\repository\org\projectlombok\lombok\1.18.20\lombok-1.18.20.jar;C:\Users\logoff\.m2\repository\org\springframework\boot\spring-boot-starter-tomcat\2.1.16.RELEASE\spring-boot-starter-tomcat-2.1.16.RELEASE.jar;C:\Users\logoff\.m2\repository\javax\annotation\javax.annotation-api\1.3.2\javax.annotation-api-1.3.2.jar;C:\Users\logoff\.m2\repository\org\apache\tomcat\embed\tomcat-embed-core\9.0.37\tomcat-embed-core-9.0.37.jar;C:\Users\logoff\.m2\repository\org\apache\tomcat\embed\tomcat-embed-el\9.0.37\tomcat-embed-el-9.0.37.jar;C:\Users\logoff\.m2\repository\org\apache\tomcat\embed\tomcat-embed-websocket\9.0.37\tomcat-embed-websocket-9.0.37.jar;C:\Users\logoff\.m2\repository\org\springframework\boot\spring-boot-starter-security\2.1.16.RELEASE\spring-boot-starter-security-2.1.16.RELEASE.jar;C:\Users\logoff\.m2\repository\org\springframework\spring-aop\5.1.17.RELEASE\spring-aop-5.1.17.RELEASE.jar;C:\Users\logoff\.m2\repository\org\springframework\security\spring-security-config\5.1.11.RELEASE\spring-security-config-5.1.11.RELEASE.jar;C:\Users\logoff\.m2\repository\org\springframework\security\spring-security-web\5.1.11.RELEASE\spring-security-web-5.1.11.RELEASE.jar;C:\Users\logoff\.m2\repository\io\springfox\springfox-oas\3.0.0\springfox-oas-3.0.0.jar;C:\Users\logoff\.m2\repository\io\swagger\core\v3\swagger-annotations\2.1.2\swagger-annotations-2.1.2.jar;C:\Users\logoff\.m2\repository\io\swagger\core\v3\swagger-models\2.1.2\swagger-models-2.1.2.jar;C:\Users\logoff\.m2\repository\com\fasterxml\jackson\core\jackson-annotations\2.9.10\jackson-annotations-2.9.10.jar;C:\Users\logoff\.m2\repository\io\springfox\springfox-spi\3.0.0\springfox-spi-3.0.0.jar;C:\Users\logoff\.m2\repository\io\springfox\springfox-schema\3.0.0\springfox-schema-3.0.0.jar;C:\Users\logoff\.m2\repository\io\springfox\springfox-core\3.0.0\springfox-core-3.0.0.jar;C:\Users\logoff\.m2\repository\io\springfox\springfox-spring-web\3.0.0\springfox-spring-web-3.0.0.jar;C:\Users\logoff\.m2\repository\io\github\classgraph\classgraph\4.8.83\classgraph-4.8.83.jar;C:\Users\logoff\.m2\repository\io\springfox\springfox-spring-webmvc\3.0.0\springfox-spring-webmvc-3.0.0.jar;C:\Users\logoff\.m2\repository\io\springfox\springfox-spring-webflux\3.0.0\springfox-spring-webflux-3.0.0.jar;C:\Users\logoff\.m2\repository\io\springfox\springfox-swagger-common\3.0.0\springfox-swagger-common-3.0.0.jar;C:\Users\logoff\.m2\repository\io\swagger\swagger-annotations\1.5.20\swagger-annotations-1.5.20.jar;C:\Users\logoff\.m2\repository\io\swagger\swagger-models\1.5.20\swagger-models-1.5.20.jar;C:\Users\logoff\.m2\repository\com\fasterxml\classmate\1.4.0\classmate-1.4.0.jar;C:\Users\logoff\.m2\repository\org\slf4j\slf4j-api\1.7.30\slf4j-api-1.7.30.jar;C:\Users\logoff\.m2\repository\org\springframework\plugin\spring-plugin-metadata\1.2.0.RELEASE\spring-plugin-metadata-1.2.0.RELEASE.jar;C:\Users\logoff\.m2\repository\org\mapstruct\mapstruct\1.3.1.Final\mapstruct-1.3.1.Final.jar;C:\Users\logoff\.m2\repository\io\springfox\springfox-swagger-ui\3.0.0\springfox-swagger-ui-3.0.0.jar;C:\Users\logoff\.m2\repository\com\github\joschi\jackson\jackson-datatype-threetenbp\2.6.4\jackson-datatype-threetenbp-2.6.4.jar;C:\Users\logoff\.m2\repository\org\threeten\threetenbp\1.3.1\threetenbp-1.3.1.jar;C:\Users\logoff\.m2\repository\com\fasterxml\jackson\core\jackson-core\2.9.10\jackson-core-2.9.10.jar;C:\Users\logoff\.m2\repository\com\fasterxml\jackson\core\jackson-databind\2.9.10.5\jackson-databind-2.9.10.5.jar;C:\Users\logoff\.m2\repository\javax\validation\validation-api\2.0.1.Final\validation-api-2.0.1.Final.jar;C:\Users\logoff\.m2\repository\org\springframework\plugin\spring-plugin-core\2.0.0.RELEASE\spring-plugin-core-2.0.0.RELEASE.jar;C:\Users\logoff\.m2\repository\org\springframework\spring-beans\5.1.17.RELEASE\spring-beans-5.1.17.RELEASE.jar;C:\Users\logoff\.m2\repository\org\springframework\spring-context\5.1.17.RELEASE\spring-context-5.1.17.RELEASE.jar;C:\Users\logoff\.m2\repository\org\modelmapper\modelmapper\2.4.3\modelmapper-2.4.3.jar;C:\Users\logoff\.m2\repository\org\springframework\boot\spring-boot-starter-test\2.1.16.RELEASE\spring-boot-starter-test-2.1.16.RELEASE.jar;C:\Users\logoff\.m2\repository\org\springframework\boot\spring-boot-test\2.1.16.RELEASE\spring-boot-test-2.1.16.RELEASE.jar;C:\Users\logoff\.m2\repository\org\springframework\boot\spring-boot-test-autoconfigure\2.1.16.RELEASE\spring-boot-test-autoconfigure-2.1.16.RELEASE.jar;C:\Users\logoff\.m2\repository\com\jayway\jsonpath\json-path\2.4.0\json-path-2.4.0.jar;C:\Users\logoff\.m2\repository\net\minidev\json-smart\2.3\json-smart-2.3.jar;C:\Users\logoff\.m2\repository\net\minidev\accessors-smart\1.2\accessors-smart-1.2.jar;C:\Users\logoff\.m2\repository\org\ow2\asm\asm\5.0.4\asm-5.0.4.jar;C:\Users\logoff\.m2\repository\org\assertj\assertj-core\3.11.1\assertj-core-3.11.1.jar;C:\Users\logoff\.m2\repository\org\mockito\mockito-core\2.23.4\mockito-core-2.23.4.jar;C:\Users\logoff\.m2\repository\net\bytebuddy\byte-buddy-agent\1.9.16\byte-buddy-agent-1.9.16.jar;C:\Users\logoff\.m2\repository\org\objenesis\objenesis\2.6\objenesis-2.6.jar;C:\Users\logoff\.m2\repository\org\hamcrest\hamcrest-core\1.3\hamcrest-core-1.3.jar;C:\Users\logoff\.m2\repository\org\hamcrest\hamcrest-library\1.3\hamcrest-library-1.3.jar;C:\Users\logoff\.m2\repository\org\skyscreamer\jsonassert\1.5.0\jsonassert-1.5.0.jar;C:\Users\logoff\.m2\repository\com\vaadin\external\google\android-json\0.0.20131108.vaadin1\android-json-0.0.20131108.vaadin1.jar;C:\Users\logoff\.m2\repository\org\springframework\spring-core\5.1.17.RELEASE\spring-core-5.1.17.RELEASE.jar;C:\Users\logoff\.m2\repository\org\springframework\spring-jcl\5.1.17.RELEASE\spring-jcl-5.1.17.RELEASE.jar;C:\Users\logoff\.m2\repository\org\springframework\spring-test\5.1.17.RELEASE\spring-test-5.1.17.RELEASE.jar;C:\Users\logoff\.m2\repository\org\xmlunit\xmlunit-core\2.6.4\xmlunit-core-2.6.4.jar;C:\Users\logoff\.m2\repository\org\springframework\security\spring-security-core\5.1.11.RELEASE\spring-security-core-5.1.11.RELEASE.jar;C:\Users\logoff\.m2\repository\org\springframework\spring-expression\5.1.17.RELEASE\spring-expression-5.1.17.RELEASE.jar;C:\Users\logoff\.m2\repository\org\springframework\security\spring-security-test\5.1.11.RELEASE\spring-security-test-5.1.11.RELEASE.jar;C:\Users\logoff\.m2\repository\io\jsonwebtoken\jjwt\0.9.1\jjwt-0.9.1.jar;C:\Users\logoff\.m2\repository\org\junit\jupiter\junit-jupiter\5.7.2\junit-jupiter-5.7.2.jar;C:\Users\logoff\.m2\repository\org\junit\jupiter\junit-jupiter-api\5.3.2\junit-jupiter-api-5.3.2.jar;C:\Users\logoff\.m2\repository\org\opentest4j\opentest4j\1.1.1\opentest4j-1.1.1.jar;C:\Users\logoff\.m2\repository\org\junit\platform\junit-platform-commons\1.3.2\junit-platform-commons-1.3.2.jar;C:\Users\logoff\.m2\repository\org\junit\jupiter\junit-jupiter-params\5.3.2\junit-jupiter-params-5.3.2.jar;C:\Users\logoff\.m2\repository\org\junit\jupiter\junit-jupiter-engine\5.3.2\junit-jupiter-engine-5.3.2.jar;C:\Users\logoff\.m2\repository\org\junit\platform\junit-platform-engine\1.3.2\junit-platform-engine-1.3.2.jar;C:\Users\logoff\.m2\repository\org\mockito\mockito-junit-jupiter\2.23.4\mockito-junit-jupiter-2.23.4.jar;C:\Users\logoff\.m2\repository\io\cucumber\cucumber-java\6.10.4\cucumber-java-6.10.4.jar;C:\Users\logoff\.m2\repository\io\cucumber\cucumber-core\6.10.4\cucumber-core-6.10.4.jar;C:\Users\logoff\.m2\repository\io\cucumber\cucumber-gherkin\6.10.4\cucumber-gherkin-6.10.4.jar;C:\Users\logoff\.m2\repository\io\cucumber\cucumber-gherkin-messages\6.10.4\cucumber-gherkin-messages-6.10.4.jar;C:\Users\logoff\.m2\repository\io\cucumber\messages\15.0.0\messages-15.0.0.jar;C:\Users\logoff\.m2\repository\io\cucumber\tag-expressions\3.0.1\tag-expressions-3.0.1.jar;C:\Users\logoff\.m2\repository\io\cucumber\cucumber-expressions\10.3.0\cucumber-expressions-10.3.0.jar;C:\Users\logoff\.m2\repository\io\cucumber\datatable\3.5.0\datatable-3.5.0.jar;C:\Users\logoff\.m2\repository\io\cucumber\cucumber-plugin\6.10.4\cucumber-plugin-6.10.4.jar;C:\Users\logoff\.m2\repository\io\cucumber\docstring\6.10.4\docstring-6.10.4.jar;C:\Users\logoff\.m2\repository\io\cucumber\html-formatter\13.0.0\html-formatter-13.0.0.jar;C:\Users\logoff\.m2\repository\io\cucumber\create-meta\4.0.0\create-meta-4.0.0.jar;C:\Users\logoff\.m2\repository\org\apiguardian\apiguardian-api\1.1.1\apiguardian-api-1.1.1.jar;C:\Users\logoff\.m2\repository\io\cucumber\cucumber-junit\6.10.4\cucumber-junit-6.10.4.jar;C:\Users\logoff\.m2\repository\junit\junit\4.12\junit-4.12.jar;"/>
    <property name="sun.cpu.endian" value="little"/>
    <property name="user.home" value="C:\Users\logoff"/>
    <property name="user.language" value="en"/>
    <property name="java.specification.vendor" value="Oracle Corporation"/>
    <property name="java.version.date" value="2020-09-15"/>
    <property name="java.home" value="C:\Users\logoff\.jdks\openjdk-15"/>
    <property name="file.separator" value="\"/>
    <property name="basedir" value="C:\Users\logoff\Desktop\CodeGeneration"/>
    <property name="java.vm.compressedOopsMode" value="Zero based"/>
    <property name="line.separator" value="&#10;"/>
    <property name="java.vm.specification.vendor" value="Oracle Corporation"/>
    <property name="java.specification.name" value="Java Platform API Specification"/>
    <property name="surefire.real.class.path" value="C:\Users\logoff\AppData\Local\Temp\surefire1772432456790400145\surefirebooter222882859757724323.jar"/>
    <property name="user.script" value=""/>
    <property name="sun.management.compiler" value="HotSpot 64-Bit Tiered Compilers"/>
    <property name="java.runtime.version" value="15+36-1562"/>
    <property name="user.name" value="logoff"/>
    <property name="path.separator" value=";"/>
    <property name="os.version" value="10.0"/>
    <property name="java.runtime.name" value="OpenJDK Runtime Environment"/>
    <property name="file.encoding" value="Cp1252"/>
    <property name="java.vm.name" value="OpenJDK 64-Bit Server VM"/>
    <property name="localRepository" value="C:\Users\logoff\.m2\repository"/>
    <property name="java.vendor.url.bug" value="https://bugreport.java.com/bugreport/"/>
    <property name="java.io.tmpdir" value="C:\Users\logoff\AppData\Local\Temp\"/>
    <property name="idea.version" value="2020.2.2"/>
    <property name="java.version" value="15"/>
    <property name="user.dir" value="C:\Users\logoff\Desktop\CodeGeneration"/>
    <property name="os.arch" value="amd64"/>
    <property name="java.vm.specification.name" value="Java Virtual Machine Specification"/>
    <property name="sun.os.patch.level" value=""/>
    <property name="java.library.path" value="C:\Users\logoff\.jdks\openjdk-15\bin;C:\WINDOWS\Sun\Java\bin;C:\WINDOWS\system32;C:\WINDOWS;C:\Program Files (x86)\Common Files\Oracle\Java\javapath;C:\WINDOWS\system32;C:\WINDOWS;C:\WINDOWS\System32\Wbem;C:\WINDOWS\System32\WindowsPowerShell\v1.0\;C:\WINDOWS\System32\OpenSSH\;C:\Program Files\dotnet\;C:\Program Files\Git\cmd;C:\Program Files\Git\mingw64\bin;C:\Program Files\Git\usr\bin;C:\Program Files (x86)\Microsoft SQL Server\150\DTS\Binn\;C:\Program Files\Azure Data Studio\bin;C:\Program Files (x86)\dotnet\;C:\Users\logoff\AppData\Roaming\nvm;C:\Program Files\nodejs;C:\Program Files\Microsoft SQL Server\130\Tools\Binn\;C:\Program Files\Microsoft SQL Server\Client SDK\ODBC\170\Tools\Binn\;C:\ProgramData\ComposerSetup\bin;C:\Users\logoff\AppData\Local\Microsoft\WindowsApps;C:\Program Files\JetBrains\IntelliJ IDEA 2020.2.2\bin;C:\Users\logoff\.dotnet\tools;C:\Users\logoff\AppData\Local\Programs\Microsoft VS Code\bin;C:\PHP;C:\Program Files\Azure Data Studio\bin;C:\Users\logoff\AppData\Local\atom\bin;C:\Users\logoff\AppData\Roaming\npm;C:\Users\logoff\AppData\Roaming\nvm;C:\Program Files\nodejs;C:\Users\logoff\AppData\Local\Programs\EmEditor;C:\Users\logoff\AppData\Roaming\Composer\vendor\bin;."/>
    <property name="java.vm.info" value="mixed mode, sharing"/>
    <property name="java.vendor" value="Oracle Corporation"/>
    <property name="java.vm.version" value="15+36-1562"/>
    <property name="sun.io.unicode.encoding" value="UnicodeLittle"/>
    <property name="java.class.version" value="59.0"/>
  </properties>
  <testcase name="createTransactionUserTransactionLimitShouldNotBeMoreThanAmount" classname="io.swagger.service.TransactionServiceImplTest" time="0.004">
    <failure message="Unexpected exception type thrown ==&gt; expected: &lt;io.swagger.exceptions.ApiRequestException&gt; but was: &lt;java.lang.NullPointerException&gt;" type="org.opentest4j.AssertionFailedError"><![CDATA[org.opentest4j.AssertionFailedError: Unexpected exception type thrown ==> expected: <io.swagger.exceptions.ApiRequestException> but was: <java.lang.NullPointerException>
	at io.swagger.service.TransactionServiceImplTest.createTransactionUserTransactionLimitShouldNotBeMoreThanAmount(TransactionServiceImplTest.java:186)
Caused by: java.lang.NullPointerException: Cannot invoke "org.springframework.security.core.Authentication.getPrincipal()" because the return value of "org.springframework.security.core.context.SecurityContext.getAuthentication()" is null
	at io.swagger.service.TransactionServiceImplTest.lambda$createTransactionUserTransactionLimitShouldNotBeMoreThanAmount$7(TransactionServiceImplTest.java:187)
	at io.swagger.service.TransactionServiceImplTest.createTransactionUserTransactionLimitShouldNotBeMoreThanAmount(TransactionServiceImplTest.java:186)
]]></failure>
    <system-out><![CDATA[2021-06-27 20:04:23.594  INFO 11292 --- [           main] .b.t.c.SpringBootTestContextBootstrapper : Neither @ContextConfiguration nor @ContextHierarchy found for test class [io.swagger.service.TransactionServiceImplTest], using SpringBootContextLoader
2021-06-27 20:04:23.595  INFO 11292 --- [           main] o.s.t.c.support.AbstractContextLoader    : Could not detect default resource locations for test class [io.swagger.service.TransactionServiceImplTest]: no resource found for suffixes {-context.xml, Context.groovy}.
2021-06-27 20:04:23.595  INFO 11292 --- [           main] t.c.s.AnnotationConfigContextLoaderUtils : Could not detect default configuration classes for test class [io.swagger.service.TransactionServiceImplTest]: TransactionServiceImplTest does not declare any static, non-private, non-final, nested classes annotated with @Configuration.
2021-06-27 20:04:23.597  INFO 11292 --- [           main] .b.t.c.SpringBootTestContextBootstrapper : Found @SpringBootConfiguration io.swagger.Swagger2SpringBoot for test class io.swagger.service.TransactionServiceImplTest
2021-06-27 20:04:23.599  INFO 11292 --- [           main] .b.t.c.SpringBootTestContextBootstrapper : Loaded default TestExecutionListener class names from location [META-INF/spring.factories]: [org.springframework.boot.test.mock.mockito.MockitoTestExecutionListener, org.springframework.boot.test.mock.mockito.ResetMocksTestExecutionListener, org.springframework.boot.test.autoconfigure.restdocs.RestDocsTestExecutionListener, org.springframework.boot.test.autoconfigure.web.client.MockRestServiceServerResetTestExecutionListener, org.springframework.boot.test.autoconfigure.web.servlet.MockMvcPrintOnlyOnFailureTestExecutionListener, org.springframework.boot.test.autoconfigure.web.servlet.WebDriverTestExecutionListener, org.springframework.test.context.web.ServletTestExecutionListener, org.springframework.test.context.support.DirtiesContextBeforeModesTestExecutionListener, org.springframework.test.context.support.DependencyInjectionTestExecutionListener, org.springframework.test.context.support.DirtiesContextTestExecutionListener, org.springframework.test.context.transaction.TransactionalTestExecutionListener, org.springframework.test.context.jdbc.SqlScriptsTestExecutionListener, org.springframework.security.test.context.support.WithSecurityContextTestExecutionListener, org.springframework.security.test.context.support.ReactorContextTestExecutionListener]
2021-06-27 20:04:23.600  INFO 11292 --- [           main] .b.t.c.SpringBootTestContextBootstrapper : Using TestExecutionListeners: [org.springframework.test.context.web.ServletTestExecutionListener@5f8237b0, org.springframework.test.context.support.DirtiesContextBeforeModesTestExecutionListener@2c3c2df3, org.springframework.boot.test.mock.mockito.MockitoTestExecutionListener@4441d906, org.springframework.boot.test.autoconfigure.SpringBootDependencyInjectionTestExecutionListener@75ec3734, org.springframework.test.context.support.DirtiesContextTestExecutionListener@3b9da18e, org.springframework.test.context.transaction.TransactionalTestExecutionListener@760350bb, org.springframework.test.context.jdbc.SqlScriptsTestExecutionListener@3cc03e94, org.springframework.security.test.context.support.WithSecurityContextTestExecutionListener@2801fbaf, org.springframework.security.test.context.support.ReactorContextTestExecutionListener@7ec6aef0, org.springframework.boot.test.mock.mockito.ResetMocksTestExecutionListener@122cbf1b, org.springframework.boot.test.autoconfigure.restdocs.RestDocsTestExecutionListener@2f250754, org.springframework.boot.test.autoconfigure.web.client.MockRestServiceServerResetTestExecutionListener@85e4d9c, org.springframework.boot.test.autoconfigure.web.servlet.MockMvcPrintOnlyOnFailureTestExecutionListener@4324d349, org.springframework.boot.test.autoconfigure.web.servlet.WebDriverTestExecutionListener@34077851]
]]></system-out>
  </testcase>
  <testcase name="createTransactionAccountShouldNotBeClosed" classname="io.swagger.service.TransactionServiceImplTest" time="0.005">
    <failure message="Unexpected exception type thrown ==&gt; expected: &lt;io.swagger.exceptions.ApiRequestException&gt; but was: &lt;java.lang.NullPointerException&gt;" type="org.opentest4j.AssertionFailedError"><![CDATA[org.opentest4j.AssertionFailedError: Unexpected exception type thrown ==> expected: <io.swagger.exceptions.ApiRequestException> but was: <java.lang.NullPointerException>
	at io.swagger.service.TransactionServiceImplTest.createTransactionAccountShouldNotBeClosed(TransactionServiceImplTest.java:177)
Caused by: java.lang.NullPointerException: Cannot invoke "org.springframework.security.core.Authentication.getPrincipal()" because the return value of "org.springframework.security.core.context.SecurityContext.getAuthentication()" is null
	at io.swagger.service.TransactionServiceImplTest.lambda$createTransactionAccountShouldNotBeClosed$6(TransactionServiceImplTest.java:178)
	at io.swagger.service.TransactionServiceImplTest.createTransactionAccountShouldNotBeClosed(TransactionServiceImplTest.java:177)
]]></failure>
  </testcase>
  <testcase name="createTransactionDailyLimitAmountShouldNotBeExceeded" classname="io.swagger.service.TransactionServiceImplTest" time="0.005">
    <failure message="Unexpected exception type thrown ==&gt; expected: &lt;io.swagger.exceptions.ApiRequestException&gt; but was: &lt;java.lang.NullPointerException&gt;" type="org.opentest4j.AssertionFailedError"><![CDATA[org.opentest4j.AssertionFailedError: Unexpected exception type thrown ==> expected: <io.swagger.exceptions.ApiRequestException> but was: <java.lang.NullPointerException>
	at io.swagger.service.TransactionServiceImplTest.createTransactionDailyLimitAmountShouldNotBeExceeded(TransactionServiceImplTest.java:195)
Caused by: java.lang.NullPointerException: Cannot invoke "org.springframework.security.core.Authentication.getPrincipal()" because the return value of "org.springframework.security.core.context.SecurityContext.getAuthentication()" is null
	at io.swagger.service.TransactionServiceImplTest.lambda$createTransactionDailyLimitAmountShouldNotBeExceeded$8(TransactionServiceImplTest.java:196)
	at io.swagger.service.TransactionServiceImplTest.createTransactionDailyLimitAmountShouldNotBeExceeded(TransactionServiceImplTest.java:195)
]]></failure>
  </testcase>
  <testcase name="createTransactionSenderUserShouldNotBeNull" classname="io.swagger.service.TransactionServiceImplTest" time="0.005"/>
  <testcase name="createTransactionReceiverUserShouldNotBeNull" classname="io.swagger.service.TransactionServiceImplTest" time="0.006"/>
  <testcase name="getTransactionById" classname="io.swagger.service.TransactionServiceImplTest" time="0.007"/>
  <testcase name="createTransactionAmountShouldBeValid" classname="io.swagger.service.TransactionServiceImplTest" time="0.005"/>
  <testcase name="deleteTransactionById" classname="io.swagger.service.TransactionServiceImplTest" time="0.005"/>
  <testcase name="createTransactionShouldNotLeaveAccountOnNegativeBalance" classname="io.swagger.service.TransactionServiceImplTest" time="0.005"/>
  <testcase name="getAllTransactions" classname="io.swagger.service.TransactionServiceImplTest" time="0.005"/>
</testsuite>